Cookiso started: 2018-01-28 00:55
[0;33mCreating flavor core-4in1...                                          [0m[70G[ [1;31mFailed[0;39m ]

[1mPreparing core-4in1 distro flavor[0m
================================================================================
[0;33mCleaning /home/slitaz/distro...                                       [0m[70G[ [1;32mDone[0;39m ]
[0;33mStrip versions from list core-4in1.pkglist...                         [0m[70G[ [1;32mDone[0;39m ]
[0;33mUpdating core-4in1.desc...                                            [0m[70G[ [1;31mFailed[0;39m ]
[0;33mExtracting flavor core-4in1.flavor...                                 [0m[70G[ [1;32mDone[0;39m ]
[0;33mUpdating tazlito.conf...                                              [0m[70G[ [1;32mDone[0;39m ]
================================================================================
Flavor is ready to be generated by `tazlito gen-distro`


[1mTazlito generating a distro[0m
================================================================================
Repack packages from rootfs? (y=yes, n=no) [n] 
Preparing the rootfs directory...
[0;33mStrip versions from list distro-packages.list...                      [0m[70G[ [1;32mDone[0;39m ]

Setting up mirrors for /home/slitaz/distro/rootfs/...
 1. fresh .......................... /home/slitaz/packages                       
 2. main ........................... http://mirror1.slitaz.org/packages/cooking/ 

[0;33mInstalling package: 915resolution                                     [0m[70G[ [1;32mDone[0;39m ]
[0;33mInstalling package: desktop-file-utils                                [0m[70G[ [1;32mDone[0;39m ]
[0;33mInstalling package: busybox                                           [0m[70G[ [1;32mDone[0;39m ]
[0;33mInstalling package: cairo                                             [0m[70G[ [1;32mDone[0;39m ]
[0;33mInstalling package: cdrkit                                            [0m[70G[ [1;32mDone[0;39m ]
[0;33mInstalling package: cookutils                                         [0m[70G[ [1;32mDone[0;39m ]
[0;33mInstalling package: dbus                                              [0m[70G[ [1;32mDone[0;39m ]
[0;33mInstalling package: dbus-glib                                         [0m[70G[ [1;32mDone[0;39m ]
[0;33mInstalling package: dbus-helper                                       [0m[70G[ [1;32mDone[0;39m ]
[0;33mInstalling package: dialog                                            [0m[70G[ [1;32mDone[0;39m ]
[0;33mInstalling package: dropbear                                          [0m[70G[ [1;32mDone[0;39m ]
[0;33mInstalling package: e2fsprogs                                         [0m[70G[ [1;32mDone[0;39m ]
[0;33mInstalling package: expat                                             [0m[70G[ [1;32mDone[0;39m ]
[0;33mInstalling package: gcc-lib-base                                      [0m[70G[ [1;32mDone[0;39m ]
[0;33mInstalling package: glib                                              [0m[70G[ [1;32mDone[0;39m ]
[0;33mInstalling package: glibc-base                                        [0m[70G[ [1;32mDone[0;39m ]
[0;33mInstalling package: grub4dos-linux                                    [0m[70G[ [1;32mDone[0;39m ]
[0;33mInstalling package: ipxe                                              [0m[70G[ [1;32mDone[0;39m ]
[0;33mInstalling package: isapnptools                                       [0m[70G[ [1;32mDone[0;39m ]
[0;33mInstalling package: jpeg                                              [0m[70G[ [1;32mDone[0;39m ]
[0;33mInstalling package: kbd-base                                          [0m[70G[ [1;32mDone[0;39m ]
[0;33mInstalling package: libwebkit-video                                   [0m[70G[ [1;32mDone[0;39m ]
[0;33mInstalling package: linux                                             [0m[70G[ [1;32mDone[0;39m ]
[0;33mInstalling package: linux-firmware                                    [0mChecksum error for "linux-firmware-3.2.98.tazpkg"
[70G[ [1;32mDone[0;39m ]
[0;33mInstalling package: linux-sound                                       [0mChecksum error for "linux-sound-3.2.98.tazpkg"
[70G[ [1;32mDone[0;39m ]
[0;33mInstalling package: linux-wireless                                    [0mChecksum error for "linux-wireless-3.2.98.tazpkg"
[70G[ [1;32mDone[0;39m ]
[0;33mInstalling package: linux-input-touchscreen                           [0mChecksum error for "linux-input-touchscreen-3.2.98.tazpkg"
[70G[ [1;32mDone[0;39m ]
[0;33mInstalling package: linux-hfsplus                                     [0m[70G[ [1;32mDone[0;39m ]
[0;33mInstalling package: locale-en                                         [0m[70G[ [1;32mDone[0;39m ]
[0;33mInstalling package: locale-de                                         [0m[70G[ [1;32mDone[0;39m ]
[0;33mInstalling package: locale-es                                         [0m[70G[ [1;32mDone[0;39m ]
[0;33mInstalling package: locale-fr                                         [0m[70G[ [1;32mDone[0;39m ]
[0;33mInstalling package: locale-pt_BR                                      [0m[70G[ [1;32mDone[0;39m ]
[0;33mInstalling package: locale-ru                                         [0m[70G[ [1;32mDone[0;39m ]
[0;33mInstalling package: lzma                                              [0m[70G[ [1;32mDone[0;39m ]
[0;33mInstalling package: nano                                              [0m[70G[ [1;32mDone[0;39m ]
[0;33mInstalling package: ntfs-3g                                           [0m[70G[ [1;32mDone[0;39m ]
[0;33mInstalling package: pango                                             [0m[70G[ [1;32mDone[0;39m ]
[0;33mInstalling package: pcmciautils                                       [0m[70G[ [1;32mDone[0;39m ]
[0;33mInstalling package: pcre                                              [0m[70G[ [1;32mDone[0;39m ]
[0;33mInstalling package: pixman                                            [0m[70G[ [1;32mDone[0;39m ]
[0;33mInstalling package: popt                                              [0m[70G[ [1;32mDone[0;39m ]
[0;33mInstalling package: posixovl                                          [0m[70G[ [1;32mDone[0;39m ]
[0;33mInstalling package: ppp                                               [0m[70G[ [1;32mDone[0;39m ]
[0;33mInstalling package: rp-pppoe                                          [0m[70G[ [1;32mDone[0;39m ]
[0;33mInstalling package: tazweb                                            [0m[70G[ [1;32mDone[0;39m ]
[0;33mInstalling package: slim                                              [0m[70G[ [1;32mDone[0;39m ]
[0;33mInstalling package: slitaz-base-files                                 [0m[70G[ [1;32mDone[0;39m ]
[0;33mInstalling package: slitaz-boot-scripts                               [0m[70G[ [1;32mDone[0;39m ]
[0;33mInstalling package: slitaz-configs                                    [0m[70G[ [1;32mDone[0;39m ]
[0;33mInstalling package: slitaz-doc                                        [0m[70G[ [1;32mDone[0;39m ]
[0;33mInstalling package: slitaz-icons-faenza-dark                          [0m[70G[ [1;32mDone[0;39m ]
[0;33mInstalling package: slitaz-menus                                      [0m[70G[ [1;32mDone[0;39m ]
[0;33mInstalling package: slitaz-polar-cursors                              [0m[70G[ [1;32mDone[0;39m ]
[0;33mInstalling package: slitaz-tools                                      [0m[70G[ [1;32mDone[0;39m ]
[0;33mInstalling package: slitaz-tools-boxes                                [0m[70G[ [1;32mDone[0;39m ]
[0;33mInstalling package: sqlite                                            [0m[70G[ [1;32mDone[0;39m ]
[0;33mInstalling package: syslinux                                          [0m[70G[ [1;32mDone[0;39m ]
[0;33mInstalling package: syslinux-extra                                    [0m[70G[ [1;32mDone[0;39m ]
[0;33mInstalling package: tazbug                                            [0m[70G[ [1;32mDone[0;39m ]
[0;33mInstalling package: tazinst                                           [0m[70G[ [1;32mDone[0;39m ]
[0;33mInstalling package: tazinst-gui                                       [0m[70G[ [1;32mDone[0;39m ]
[0;33mInstalling package: tazlito                                           [0m[70G[ [1;32mDone[0;39m ]
[0;33mInstalling package: tazpanel                                          [0m[70G[ [1;32mDone[0;39m ]
[0;33mInstalling package: tazpkg                                            [0m[70G[ [1;32mDone[0;39m ]
[0;33mInstalling package: tazusb                                            [0m[70G[ [1;32mDone[0;39m ]
[0;33mInstalling package: tazirc                                            [0m[70G[ [1;32mDone[0;39m ]
[0;33mInstalling package: tazwikiss                                         [0m[70G[ [1;32mDone[0;39m ]
[0;33mInstalling package: tiff                                              [0m[70G[ [1;32mDone[0;39m ]
[0;33mInstalling package: ttf-dejavu                                        [0m[70G[ [1;32mDone[0;39m ]
[0;33mInstalling package: udev                                              [0m[70G[ [1;32mDone[0;39m ]
[0;33mInstalling package: wpa_supplicant                                    [0m[70G[ [1;32mDone[0;39m ]
[0;33mInstalling package: xorg-libXinerama                                  [0m[70G[ [1;32mDone[0;39m ]
[0;33mInstalling package: xorg-server                                       [0mChecksum error for "linux-drm-3.2.98.tazpkg"
Checksum error for "linux-agp-3.2.98.tazpkg"
[70G[ [1;32mDone[0;39m ]
[0;33mInstalling package: xorg-setxkbmap                                    [0m[70G[ [1;32mDone[0;39m ]
[0;33mInstalling package: xorg-xauth                                        [0m[70G[ [1;32mDone[0;39m ]
[0;33mInstalling package: xorg-xf86-input-synaptics                         [0m[70G[ [1;32mDone[0;39m ]
[0;33mInstalling package: xorg-xf86-video-fbdev                             [0m[70G[ [1;32mDone[0;39m ]
[0;33mInstalling package: xorg-xf86-video-vesa                              [0m[70G[ [1;32mDone[0;39m ]
[0;33mInstalling package: xterm                                             [0m[70G[ [1;32mDone[0;39m ]
[0;33mInstalling package: zlib                                              [0m[70G[ [1;32mDone[0;39m ]
[0;33mInstalling package: gtk-clearlooks                                    [0m[70G[ [1;32mDone[0;39m ]
[0;33mInstalling package: clearlooks-colors                                 [0m[70G[ [1;32mDone[0;39m ]
[0;33mInstalling package: clearlooks-compact                                [0m[70G[ [1;32mDone[0;39m ]
[0;33mInstalling package: hicolor-icon-theme                                [0m[70G[ [1;32mDone[0;39m ]
[0;33mInstalling package: firmware-rt2x00                                   [0m[70G[ [1;32mDone[0;39m ]
[0;33mInstalling package: firmware-rtlwifi                                  [0m[70G[ [1;32mDone[0;39m ]
[0;33mInstalling package: openbox                                           [0m[70G[ [1;32mDone[0;39m ]
[0;33mInstalling package: gtk+                                              [0m[70G[ [1;32mDone[0;39m ]
[0;33mInstalling package: lxde                                              [0m[70G[ [1;32mDone[0;39m ]
[0;33mInstalling package: midori-video                                      [0m[70G[ [1;32mDone[0;39m ]
[0;33mInstalling package: alsa-utils                                        [0m[70G[ [1;32mDone[0;39m ]
[0;33mInstalling package: alsaplayer                                        [0m[70G[ [1;32mDone[0;39m ]
[0;33mInstalling package: asunder                                           [0m[70G[ [1;32mDone[0;39m ]
[0;33mInstalling package: mhwaveedit                                        [0m[70G[ [1;32mDone[0;39m ]
[0;33mInstalling package: web-applications                                  [0m[70G[ [1;32mDone[0;39m ]
[0;33mInstalling package: nanochess                                         [0m[70G[ [1;32mDone[0;39m ]
[0;33mInstalling package: sudoku                                            [0m[70G[ [1;32mDone[0;39m ]
[0;33mInstalling package: beaver                                            [0m[70G[ [1;32mDone[0;39m ]
[0;33mInstalling package: epdfview                                          [0m[70G[ [1;32mDone[0;39m ]
[0;33mInstalling package: galculator                                        [0m[70G[ [1;32mDone[0;39m ]
[0;33mInstalling package: gcolor2                                           [0m[70G[ [1;32mDone[0;39m ]
[0;33mInstalling package: mtpaint                                           [0m[70G[ [1;32mDone[0;39m ]
[0;33mInstalling package: sakura                                            [0m[70G[ [1;32mDone[0;39m ]
[0;33mInstalling package: gparted                                           [0m[70G[ [1;32mDone[0;39m ]
[0;33mInstalling package: pcmanfm                                           [0m[70G[ [1;32mDone[0;39m ]
[0;33mInstalling package: gvfs                                              [0m[70G[ [1;32mDone[0;39m ]
[0;33mInstalling package: gvfs-fuse                                         [0m[70G[ [1;32mDone[0;39m ]
[0;33mInstalling package: gvfs-udisks2                                      [0m[70G[ [1;32mDone[0;39m ]
[0;33mInstalling package: udisks2                                           [0m[70G[ [1;32mDone[0;39m ]
[0;33mInstalling package: terminus-font-base                                [0m[70G[ [1;32mDone[0;39m ]
[0;33mInstalling package: openssl                                           [0m[70G[ [1;32mDone[0;39m ]
[0;33mInstalling package: mate-notification-daemon                          [0m[70G[ [1;32mDone[0;39m ]

[0;33mCopying addfiles content to the rootfs...                             [0m[70G[ [1;32mDone[0;39m ]
[0;33mRoot filesystem is generated...                                       [0m[70G[ [1;32mDone[0;39m ]
[0;33mPreparing the rootcd directory...                                     [0m[70G[ [1;32mDone[0;39m ]
[0;33mMoving the boot directory...                                          [0m[70G[ [1;32mDone[0;39m ]
[0;33mCopying addfiles content to the rootcd...                             [0m[70G[ [1;32mDone[0;39m ]

[1mBuilding gtkonly rootfs...[0m
[0;33mExtracting gtkonly.pkglist and gtkonly.rootfs...                      [0m[70G[ [1;32mDone[0;39m ]
[0;33mStrip versions from list list-packages01...                           [0m[70G[ [1;32mDone[0;39m ]
Setting up mirrors for /home/slitaz/distro/rootfs01/...
 1. fresh .......................... /home/slitaz/packages                       
 2. main ........................... http://mirror1.slitaz.org/packages/cooking/ 

[0;33mInstalling package: 915resolution                                     [0m[70G[ [1;32mDone[0;39m ]
[0;33mInstalling package: desktop-file-utils                                [0m[70G[ [1;32mDone[0;39m ]
[0;33mInstalling package: busybox                                           [0m[70G[ [1;32mDone[0;39m ]
[0;33mInstalling package: cairo                                             [0m[70G[ [1;32mDone[0;39m ]
[0;33mInstalling package: cdrkit                                            [0m[70G[ [1;32mDone[0;39m ]
[0;33mInstalling package: cookutils                                         [0m[70G[ [1;32mDone[0;39m ]
[0;33mInstalling package: dbus                                              [0m[70G[ [1;32mDone[0;39m ]
[0;33mInstalling package: dbus-glib                                         [0m[70G[ [1;32mDone[0;39m ]
[0;33mInstalling package: dbus-helper                                       [0m[70G[ [1;32mDone[0;39m ]
[0;33mInstalling package: dialog                                            [0m[70G[ [1;32mDone[0;39m ]
[0;33mInstalling package: dropbear                                          [0m[70G[ [1;32mDone[0;39m ]
[0;33mInstalling package: e2fsprogs                                         [0m[70G[ [1;32mDone[0;39m ]
[0;33mInstalling package: expat                                             [0m[70G[ [1;32mDone[0;39m ]
[0;33mInstalling package: gcc-lib-base                                      [0m[70G[ [1;32mDone[0;39m ]
[0;33mInstalling package: glib                                              [0m[70G[ [1;32mDone[0;39m ]
[0;33mInstalling package: glibc-base                                        [0m[70G[ [1;32mDone[0;39m ]
[0;33mInstalling package: grub4dos-linux                                    [0m[70G[ [1;32mDone[0;39m ]
[0;33mInstalling package: ipxe                                              [0m[70G[ [1;32mDone[0;39m ]
[0;33mInstalling package: isapnptools                                       [0m[70G[ [1;32mDone[0;39m ]
[0;33mInstalling package: jpeg                                              [0m[70G[ [1;32mDone[0;39m ]
[0;33mInstalling package: kbd-base                                          [0m[70G[ [1;32mDone[0;39m ]
[0;33mInstalling package: linux                                             [0m[70G[ [1;32mDone[0;39m ]
[0;33mInstalling package: linux-firmware                                    [0m[70G[ [1;32mDone[0;39m ]
[0;33mInstalling package: linux-sound                                       [0m[70G[ [1;32mDone[0;39m ]
[0;33mInstalling package: linux-wireless                                    [0m[70G[ [1;32mDone[0;39m ]
[0;33mInstalling package: locale-en                                         [0m[70G[ [1;32mDone[0;39m ]
[0;33mInstalling package: locale-de                                         [0m[70G[ [1;32mDone[0;39m ]
[0;33mInstalling package: locale-es                                         [0m[70G[ [1;32mDone[0;39m ]
[0;33mInstalling package: locale-fr                                         [0m[70G[ [1;32mDone[0;39m ]
[0;33mInstalling package: locale-pt_BR                                      [0m[70G[ [1;32mDone[0;39m ]
[0;33mInstalling package: locale-ru                                         [0m[70G[ [1;32mDone[0;39m ]
[0;33mInstalling package: lzma                                              [0m[70G[ [1;32mDone[0;39m ]
[0;33mInstalling package: nano                                              [0m[70G[ [1;32mDone[0;39m ]
[0;33mInstalling package: pango                                             [0m[70G[ [1;32mDone[0;39m ]
[0;33mInstalling package: pcmciautils                                       [0m[70G[ [1;32mDone[0;39m ]
[0;33mInstalling package: pcre                                              [0m[70G[ [1;32mDone[0;39m ]
[0;33mInstalling package: pixman                                            [0m[70G[ [1;32mDone[0;39m ]
[0;33mInstalling package: popt                                              [0m[70G[ [1;32mDone[0;39m ]
[0;33mInstalling package: posixovl                                          [0m[70G[ [1;32mDone[0;39m ]
[0;33mInstalling package: ppp                                               [0m[70G[ [1;32mDone[0;39m ]
[0;33mInstalling package: rp-pppoe                                          [0m[70G[ [1;32mDone[0;39m ]
[0;33mInstalling package: slim                                              [0m[70G[ [1;32mDone[0;39m ]
[0;33mInstalling package: slitaz-base-files                                 [0m[70G[ [1;32mDone[0;39m ]
[0;33mInstalling package: slitaz-boot-scripts                               [0m[70G[ [1;32mDone[0;39m ]
[0;33mInstalling package: slitaz-configs                                    [0m[70G[ [1;32mDone[0;39m ]
[0;33mInstalling package: slitaz-doc                                        [0m[70G[ [1;32mDone[0;39m ]
[0;33mInstalling package: slitaz-icons-faenza-dark                          [0m[70G[ [1;32mDone[0;39m ]
[0;33mInstalling package: slitaz-menus                                      [0m[70G[ [1;32mDone[0;39m ]
[0;33mInstalling package: slitaz-polar-cursors                              [0m[70G[ [1;32mDone[0;39m ]
[0;33mInstalling package: slitaz-tools                                      [0m[70G[ [1;32mDone[0;39m ]
[0;33mInstalling package: slitaz-tools-boxes                                [0m[70G[ [1;32mDone[0;39m ]
[0;33mInstalling package: sqlite                                            [0m[70G[ [1;32mDone[0;39m ]
[0;33mInstalling package: syslinux                                          [0m[70G[ [1;32mDone[0;39m ]
[0;33mInstalling package: syslinux-extra                                    [0m[70G[ [1;32mDone[0;39m ]
[0;33mInstalling package: tazbug                                            [0m[70G[ [1;32mDone[0;39m ]
[0;33mInstalling package: tazinst                                           [0m[70G[ [1;32mDone[0;39m ]
[0;33mInstalling package: tazlito                                           [0m[70G[ [1;32mDone[0;39m ]
[0;33mInstalling package: tazpkg                                            [0m[70G[ [1;32mDone[0;39m ]
[0;33mInstalling package: tazusb                                            [0m[70G[ [1;32mDone[0;39m ]
[0;33mInstalling package: tiff                                              [0m[70G[ [1;32mDone[0;39m ]
[0;33mInstalling package: ttf-dejavu                                        [0m[70G[ [1;32mDone[0;39m ]
[0;33mInstalling package: udev                                              [0m[70G[ [1;32mDone[0;39m ]
[0;33mInstalling package: wpa_supplicant                                    [0m[70G[ [1;32mDone[0;39m ]
[0;33mInstalling package: xorg-libXinerama                                  [0m[70G[ [1;32mDone[0;39m ]
[0;33mInstalling package: xorg-server                                       [0m[70G[ [1;32mDone[0;39m ]
[0;33mInstalling package: xorg-setxkbmap                                    [0m[70G[ [1;32mDone[0;39m ]
[0;33mInstalling package: xorg-xauth                                        [0m[70G[ [1;32mDone[0;39m ]
[0;33mInstalling package: xorg-xf86-video-fbdev                             [0m[70G[ [1;32mDone[0;39m ]
[0;33mInstalling package: xorg-xf86-video-vesa                              [0m[70G[ [1;32mDone[0;39m ]
[0;33mInstalling package: xterm                                             [0m[70G[ [1;32mDone[0;39m ]
[0;33mInstalling package: zlib                                              [0m[70G[ [1;32mDone[0;39m ]
[0;33mInstalling package: gtk-clearlooks                                    [0m[70G[ [1;32mDone[0;39m ]
[0;33mInstalling package: clearlooks-colors                                 [0m[70G[ [1;32mDone[0;39m ]
[0;33mInstalling package: clearlooks-compact                                [0m[70G[ [1;32mDone[0;39m ]
[0;33mInstalling package: hicolor-icon-theme                                [0m[70G[ [1;32mDone[0;39m ]
[0;33mInstalling package: openbox                                           [0m[70G[ [1;32mDone[0;39m ]
[0;33mInstalling package: lxde                                              [0m[70G[ [1;32mDone[0;39m ]
[0;33mInstalling package: pcmanfm                                           [0m[70G[ [1;32mDone[0;39m ]
[0;33mInstalling package: gvfs                                              [0m[70G[ [1;32mDone[0;39m ]
[0;33mInstalling package: gvfs-fuse                                         [0m[70G[ [1;32mDone[0;39m ]
[0;33mInstalling package: gvfs-udisks2                                      [0m[70G[ [1;32mDone[0;39m ]
[0;33mInstalling package: udisks2                                           [0m[70G[ [1;32mDone[0;39m ]
[0;33mInstalling package: terminus-font-base                                [0m[70G[ [1;32mDone[0;39m ]

Adding gtkonly rootfs extra files...2 blocks
[0;33mMoving list-packages01 to rootfs01                                    [0m[70G[ [1;32mDone[0;39m ]
[0;33mMerge rootfs01 (101.4M) into rootfs (166.8M)                          [0m[70G[ [1;32mDone[0;39m ]

[1mBuilding justx rootfs...[0m
[0;33mExtracting justx.pkglist and justx.rootfs...                          [0m[70G[ [1;32mDone[0;39m ]
[0;33mStrip versions from list list-packages02...                           [0m[70G[ [1;32mDone[0;39m ]
Setting up mirrors for /home/slitaz/distro/rootfs02/...
 1. fresh .......................... /home/slitaz/packages                       
 2. main ........................... http://mirror1.slitaz.org/packages/cooking/ 

[0;33mInstalling package: 915resolution                                     [0m[70G[ [1;32mDone[0;39m ]
[0;33mInstalling package: busybox                                           [0m[70G[ [1;32mDone[0;39m ]
[0;33mInstalling package: cairo                                             [0m[70G[ [1;32mDone[0;39m ]
[0;33mInstalling package: cdrkit                                            [0m[70G[ [1;32mDone[0;39m ]
[0;33mInstalling package: cookutils                                         [0m[70G[ [1;32mDone[0;39m ]
[0;33mInstalling package: dbus                                              [0m[70G[ [1;32mDone[0;39m ]
[0;33mInstalling package: dbus-glib                                         [0m[70G[ [1;32mDone[0;39m ]
[0;33mInstalling package: dbus-helper                                       [0m[70G[ [1;32mDone[0;39m ]
[0;33mInstalling package: dialog                                            [0m[70G[ [1;32mDone[0;39m ]
[0;33mInstalling package: dropbear                                          [0m[70G[ [1;32mDone[0;39m ]
[0;33mInstalling package: e2fsprogs                                         [0m[70G[ [1;32mDone[0;39m ]
[0;33mInstalling package: expat                                             [0m[70G[ [1;32mDone[0;39m ]
[0;33mInstalling package: gcc-lib-base                                      [0m[70G[ [1;32mDone[0;39m ]
[0;33mInstalling package: glib                                              [0m[70G[ [1;32mDone[0;39m ]
[0;33mInstalling package: glibc-base                                        [0m[70G[ [1;32mDone[0;39m ]
[0;33mInstalling package: grub4dos-linux                                    [0m[70G[ [1;32mDone[0;39m ]
[0;33mInstalling package: ipxe                                              [0m[70G[ [1;32mDone[0;39m ]
[0;33mInstalling package: isapnptools                                       [0m[70G[ [1;32mDone[0;39m ]
[0;33mInstalling package: jpeg                                              [0m[70G[ [1;32mDone[0;39m ]
[0;33mInstalling package: kbd-base                                          [0m[70G[ [1;32mDone[0;39m ]
[0;33mInstalling package: linux                                             [0m[70G[ [1;32mDone[0;39m ]
[0;33mInstalling package: locale-en                                         [0m[70G[ [1;32mDone[0;39m ]
[0;33mInstalling package: locale-de                                         [0m[70G[ [1;32mDone[0;39m ]
[0;33mInstalling package: locale-es                                         [0m[70G[ [1;32mDone[0;39m ]
[0;33mInstalling package: locale-fr                                         [0m[70G[ [1;32mDone[0;39m ]
[0;33mInstalling package: locale-pt_BR                                      [0m[70G[ [1;32mDone[0;39m ]
[0;33mInstalling package: locale-ru                                         [0m[70G[ [1;32mDone[0;39m ]
[0;33mInstalling package: lzma                                              [0m[70G[ [1;32mDone[0;39m ]
[0;33mInstalling package: nano                                              [0m[70G[ [1;32mDone[0;39m ]
[0;33mInstalling package: pango                                             [0m[70G[ [1;32mDone[0;39m ]
[0;33mInstalling package: pcmciautils                                       [0m[70G[ [1;32mDone[0;39m ]
[0;33mInstalling package: pcre                                              [0m[70G[ [1;32mDone[0;39m ]
[0;33mInstalling package: pixman                                            [0m[70G[ [1;32mDone[0;39m ]
[0;33mInstalling package: popt                                              [0m[70G[ [1;32mDone[0;39m ]
[0;33mInstalling package: posixovl                                          [0m[70G[ [1;32mDone[0;39m ]
[0;33mInstalling package: ppp                                               [0m[70G[ [1;32mDone[0;39m ]
[0;33mInstalling package: rp-pppoe                                          [0m[70G[ [1;32mDone[0;39m ]
[0;33mInstalling package: slim                                              [0m[70G[ [1;32mDone[0;39m ]
[0;33mInstalling package: slitaz-base-files                                 [0m[70G[ [1;32mDone[0;39m ]
[0;33mInstalling package: slitaz-boot-scripts                               [0m[70G[ [1;32mDone[0;39m ]
[0;33mInstalling package: slitaz-configs                                    [0m[70G[ [1;32mDone[0;39m ]
[0;33mInstalling package: slitaz-doc                                        [0m[70G[ [1;32mDone[0;39m ]
[0;33mInstalling package: slitaz-polar-cursors                              [0m[70G[ [1;32mDone[0;39m ]
[0;33mInstalling package: slitaz-tools                                      [0m[70G[ [1;32mDone[0;39m ]
[0;33mInstalling package: sqlite                                            [0m[70G[ [1;32mDone[0;39m ]
[0;33mInstalling package: syslinux                                          [0m[70G[ [1;32mDone[0;39m ]
[0;33mInstalling package: syslinux-extra                                    [0m[70G[ [1;32mDone[0;39m ]
[0;33mInstalling package: tazinst                                           [0m[70G[ [1;32mDone[0;39m ]
[0;33mInstalling package: tazlito                                           [0m[70G[ [1;32mDone[0;39m ]
[0;33mInstalling package: tazpkg                                            [0m[70G[ [1;32mDone[0;39m ]
[0;33mInstalling package: tazusb                                            [0m[70G[ [1;32mDone[0;39m ]
[0;33mInstalling package: tiff                                              [0m[70G[ [1;32mDone[0;39m ]
[0;33mInstalling package: ttf-dejavu                                        [0m[70G[ [1;32mDone[0;39m ]
[0;33mInstalling package: udev                                              [0m[70G[ [1;32mDone[0;39m ]
[0;33mInstalling package: xorg-libXinerama                                  [0m[70G[ [1;32mDone[0;39m ]
[0;33mInstalling package: xorg-server                                       [0m[70G[ [1;32mDone[0;39m ]
[0;33mInstalling package: xorg-setxkbmap                                    [0m[70G[ [1;32mDone[0;39m ]
[0;33mInstalling package: xorg-xauth                                        [0m[70G[ [1;32mDone[0;39m ]
[0;33mInstalling package: xorg-xf86-video-fbdev                             [0m[70G[ [1;32mDone[0;39m ]
[0;33mInstalling package: xorg-xf86-video-vesa                              [0m[70G[ [1;32mDone[0;39m ]
[0;33mInstalling package: xterm                                             [0m[70G[ [1;32mDone[0;39m ]
[0;33mInstalling package: zlib                                              [0m[70G[ [1;32mDone[0;39m ]
[0;33mInstalling package: xorg-xsetroot                                     [0m[70G[ [1;32mDone[0;39m ]
[0;33mInstalling package: openbox                                           [0m[70G[ [1;32mDone[0;39m ]
[0;33mInstalling package: terminus-font-base                                [0m[70G[ [1;32mDone[0;39m ]

Adding justx rootfs extra files...54 blocks
[0;33mMoving list-packages02 to rootfs02                                    [0m[70G[ [1;32mDone[0;39m ]
[0;33mMerge rootfs02 (66.4M) into rootfs01 (101.4M)                         [0mls: /home/slitaz/distro/rootfs01/./var/lib/tazpkg/installed/xorg-xsetroot/files.list: No such file or directory
stat: can't stat '/home/slitaz/distro/rootfs01/./var/lib/tazpkg/installed/xorg-xsetroot/files.list': No such file or directory
ls: /home/slitaz/distro/rootfs01/./var/lib/tazpkg/installed/xorg-xsetroot/receipt: No such file or directory
stat: can't stat '/home/slitaz/distro/rootfs01/./var/lib/tazpkg/installed/xorg-xsetroot/receipt': No such file or directory
ls: /home/slitaz/distro/rootfs01/./var/lib/tazpkg/installed/xorg-xsetroot/md5sum: No such file or directory
stat: can't stat '/home/slitaz/distro/rootfs01/./var/lib/tazpkg/installed/xorg-xsetroot/md5sum': No such file or directory
ls: /home/slitaz/distro/rootfs01/./usr/bin/xsetroot: No such file or directory
stat: can't stat '/home/slitaz/distro/rootfs01/./usr/bin/xsetroot': No such file or directory
[70G[ [1;32mDone[0;39m ]

[1mBuilding base rootfs...[0m
[0;33mCreating flavor base...                                               [0m[70G[ [1;31mFailed[0;39m ]
[0;33mExtracting base.pkglist and base.rootfs...                            [0m[70G[ [1;32mDone[0;39m ]
[0;33mStrip versions from list list-packages03...                           [0m[70G[ [1;32mDone[0;39m ]
Setting up mirrors for /home/slitaz/distro/rootfs03/...
 1. fresh .......................... /home/slitaz/packages                       
 2. main ........................... http://mirror1.slitaz.org/packages/cooking/ 

[0;33mInstalling package: busybox                                           [0m[70G[ [1;32mDone[0;39m ]
[0;33mInstalling package: cdrkit                                            [0m[70G[ [1;32mDone[0;39m ]
[0;33mInstalling package: cookutils                                         [0m[70G[ [1;32mDone[0;39m ]
[0;33mInstalling package: dialog                                            [0m[70G[ [1;32mDone[0;39m ]
[0;33mInstalling package: dropbear                                          [0m[70G[ [1;32mDone[0;39m ]
[0;33mInstalling package: e2fsprogs                                         [0m[70G[ [1;32mDone[0;39m ]
[0;33mInstalling package: gcc-lib-base                                      [0m[70G[ [1;32mDone[0;39m ]
[0;33mInstalling package: grub4dos-linux                                    [0m[70G[ [1;32mDone[0;39m ]
[0;33mInstalling package: ipxe                                              [0m[70G[ [1;32mDone[0;39m ]
[0;33mInstalling package: isapnptools                                       [0m[70G[ [1;32mDone[0;39m ]
[0;33mInstalling package: kbd-base                                          [0m[70G[ [1;32mDone[0;39m ]
[0;33mInstalling package: linux                                             [0m[70G[ [1;32mDone[0;39m ]
[0;33mInstalling package: lzma                                              [0m[70G[ [1;32mDone[0;39m ]
[0;33mInstalling package: pcmciautils                                       [0m[70G[ [1;32mDone[0;39m ]
[0;33mInstalling package: posixovl                                          [0m[70G[ [1;32mDone[0;39m ]
[0;33mInstalling package: ppp                                               [0m[70G[ [1;32mDone[0;39m ]
[0;33mInstalling package: rp-pppoe                                          [0m[70G[ [1;32mDone[0;39m ]
[0;33mInstalling package: slitaz-base-files                                 [0m[70G[ [1;32mDone[0;39m ]
[0;33mInstalling package: slitaz-boot-scripts                               [0m[70G[ [1;32mDone[0;39m ]
[0;33mInstalling package: slitaz-tools                                      [0m[70G[ [1;32mDone[0;39m ]
[0;33mInstalling package: syslinux                                          [0m[70G[ [1;32mDone[0;39m ]
[0;33mInstalling package: syslinux-extra                                    [0m[70G[ [1;32mDone[0;39m ]
[0;33mInstalling package: tazinst                                           [0m[70G[ [1;32mDone[0;39m ]
[0;33mInstalling package: tazlito                                           [0m[70G[ [1;32mDone[0;39m ]
[0;33mInstalling package: tazpkg                                            [0m[70G[ [1;32mDone[0;39m ]
[0;33mInstalling package: tazusb                                            [0m[70G[ [1;32mDone[0;39m ]
[0;33mInstalling package: tazirc                                            [0m[70G[ [1;32mDone[0;39m ]
[0;33mInstalling package: udev                                              [0m[70G[ [1;32mDone[0;39m ]
[0;33mInstalling package: zlib                                              [0m[70G[ [1;32mDone[0;39m ]
[0;33mInstalling package: terminus-font-base                                [0m[70G[ [1;32mDone[0;39m ]

Adding base rootfs extra files...2 blocks
[0;33mMoving list-packages03 to rootfs03                                    [0m[70G[ [1;32mDone[0;39m ]
[0;33mMerge rootfs03 (23.6M) into rootfs02 (66.4M)                          [0mls: /home/slitaz/distro/rootfs02/./var/lib/tazpkg/installed/tazirc/files.list: No such file or directory
stat: can't stat '/home/slitaz/distro/rootfs02/./var/lib/tazpkg/installed/tazirc/files.list': No such file or directory
ls: /home/slitaz/distro/rootfs02/./var/lib/tazpkg/installed/tazirc/receipt: No such file or directory
stat: can't stat '/home/slitaz/distro/rootfs02/./var/lib/tazpkg/installed/tazirc/receipt': No such file or directory
ls: /home/slitaz/distro/rootfs02/./var/lib/tazpkg/installed/tazirc/md5sum: No such file or directory
stat: can't stat '/home/slitaz/distro/rootfs02/./var/lib/tazpkg/installed/tazirc/md5sum': No such file or directory
ls: /home/slitaz/distro/rootfs02/./usr/share/locale/ja/LC_MESSAGES/tazirc.mo: No such file or directory
stat: can't stat '/home/slitaz/distro/rootfs02/./usr/share/locale/ja/LC_MESSAGES/tazirc.mo': No such file or directory
ls: /home/slitaz/distro/rootfs02/./usr/share/locale/vi/LC_MESSAGES/tazirc.mo: No such file or directory
stat: can't stat '/home/slitaz/distro/rootfs02/./usr/share/locale/vi/LC_MESSAGES/tazirc.mo': No such file or directory
ls: /home/slitaz/distro/rootfs02/./usr/share/locale/pt_BR/LC_MESSAGES/tazirc.mo: No such file or directory
stat: can't stat '/home/slitaz/distro/rootfs02/./usr/share/locale/pt_BR/LC_MESSAGES/tazirc.mo': No such file or directory
ls: /home/slitaz/distro/rootfs02/./usr/share/locale/fr/LC_MESSAGES/tazirc.mo: No such file or directory
stat: can't stat '/home/slitaz/distro/rootfs02/./usr/share/locale/fr/LC_MESSAGES/tazirc.mo': No such file or directory
ls: /home/slitaz/distro/rootfs02/./usr/share/locale/ru/LC_MESSAGES/tazirc.mo: No such file or directory
stat: can't stat '/home/slitaz/distro/rootfs02/./usr/share/locale/ru/LC_MESSAGES/tazirc.mo': No such file or directory
ls: /home/slitaz/distro/rootfs02/./usr/share/applications/tazirc.desktop: No such file or directory
stat: can't stat '/home/slitaz/distro/rootfs02/./usr/share/applications/tazirc.desktop': No such file or directory
ls: /home/slitaz/distro/rootfs02/./usr/bin/tazirc-lb: No such file or directory
stat: can't stat '/home/slitaz/distro/rootfs02/./usr/bin/tazirc-lb': No such file or directory
ls: /home/slitaz/distro/rootfs02/./usr/bin/tazirc: No such file or directory
stat: can't stat '/home/slitaz/distro/rootfs02/./usr/bin/tazirc': No such file or directory
[70G[ [1;32mDone[0;39m ]
Compressing /home/slitaz/distro/rootfs03 (23.6M)...
27 Kbytes saved in 2 duplicate files.
317 duplicate symlinks.
Creating initramfs with lzma compression...

Filesystem size:[18G3.0M    [18G4.0M    [18G4.0M    [18G5.0M    [18G5.0M    [18G6.0M    [18G6.0M    [18G7.0M    [18G7.0M    [18G7.0M    [18G8.0M    

Compressing /home/slitaz/distro/rootfs02 (43.7M)...
242 Kbytes saved in 11 duplicate files.
77 duplicate symlinks.
Creating initramfs with lzma compression...

Filesystem size:[18G1.0M    [18G2.0M    [18G2.0M    [18G3.0M    [18G3.0M    [18G3.0M    [18G4.0M    [18G4.0M    [18G4.0M    [18G5.0M    [18G5.0M    [18G5.0M    [18G6.0M    [18G6.0M    [18G7.0M    [18G7.0M    [18G7.0M    [18G7.0M    [18G7.0M    [18G8.0M    [18G8.0M    [18G8.0M    [18G8.0M    [18G9.0M    [18G9.0M    [18G9.0M    [18G9.0M    [18G10.1M    

Compressing /home/slitaz/distro/rootfs01 (36.1M)...
142 Kbytes saved in 29 duplicate files.
85 duplicate symlinks.
Creating initramfs with lzma compression...

Filesystem size:[18G4.0M    [18G5.0M    [18G5.0M    [18G6.0M    [18G6.0M    [18G6.0M    [18G7.0M    [18G7.0M    [18G7.0M    [18G7.0M    [18G8.0M    [18G8.0M    [18G8.0M    [18G8.0M    [18G8.0M    [18G9.0M    [18G9.0M    [18G9.0M    [18G10.0M    

152 Kbytes saved in 11 duplicate files.
68 duplicate symlinks.
Creating initramfs with lzma compression...

Filesystem size:[18G1.0M    [18G1.0M    [18G2.0M    [18G2.0M    [18G2.0M    [18G3.0M    [18G3.0M    [18G3.0M    [18G4.0M    [18G4.0M    [18G4.0M    [18G5.0M    [18G5.0M    [18G5.0M    [18G5.0M    [18G6.0M    [18G6.0M    [18G6.0M    [18G6.0M    [18G7.0M    [18G7.0M    [18G7.0M    [18G7.0M    [18G7.0M    [18G7.0M    [18G8.0M    [18G8.0M    [18G8.0M    [18G8.0M    [18G9.0M    [18G9.0M    [18G9.0M    [18G9.0M    [18G10.0M    [18G10.0M    [18G10.0M    [18G10.0M    [18G10.0M    [18G10.0M    [18G11.0M    [18G11.0M    [18G11.0M    [18G11.0M    [18G11.0M    [18G12.0M    [18G12.0M    [18G12.0M    [18G12.0M    [18G12.0M    [18G13.0M    [18G13.0M    [18G13.0M    [18G13.0M    [18G14.1M    

[0;33mUpdating boot config files...                                         [0m[70G[ [1;32mDone[0;39m ]
0 Kbytes saved in 0 duplicate files.
0 duplicate symlinks.
[0;33mComputing md5...                                                      [0m[70G[ [1;32mDone[0;39m ]

[1mGenerating ISO image[0m
================================================================================
Generating slitaz-core-4in1.iso
Size of boot image is 4 sectors -> No emulation
 21.45% done, estimate finish Sun Jan 28 01:03:04 2018
 42.83% done, estimate finish Sun Jan 28 01:03:04 2018
 64.29% done, estimate finish Sun Jan 28 01:03:04 2018
 85.66% done, estimate finish Sun Jan 28 01:03:04 2018
Total translation table size: 2048
Total rockridge attributes bytes: 2615
Total directory bytes: 4814
Path table size(bytes): 38
Max brk space used 0
23356 extents written (45 MB)
[0;33mStoring ISO info...                                                   [0m[70G[ [1;32mDone[0;39m ]
[0;33mCreating hybrid ISO...                                                [0m[70G[ [1;32mDone[0;39m ]
Creating EXE header...
Read hybrid & tazlito data...
Adding WIN32 file at 0000 (6144 bytes) ...
Adding bootiso head at 0000...
Moving syslinux hybrid boot record at 1800 (512 bytes) ...
Moving tazlito data record at 1A00 (664 bytes) ...
Adding DOS/EXE stub at 7F83 (109 bytes) ...
Adding rootfs.gz file at 52E2 (11425 bytes) ...
Adding DOS boot file at 3CAA (5688 bytes) ...
8210 free bytes in 1C98..3CAA
Adding ISO image md5 at 7FF0 (16 bytes) ...
Adding boot checksum... done.
32768 free bytes in 2D9E000..2DA6000
MBR partitions :
 1:0000000C  00016FF4  17
[0;33mCreating the ISO md5sum...                                            [0m[70G[ [1;32mDone[0;39m ]
================================================================================

[1mDistro statistics: /home/slitaz/distro[0m
================================================================================
Build time      : 464s ~ 8m
Build date      : 20180128
Packages        : 271
Rootfs size     : 169.8M
Initramfs size  : 42.2M
ISO image size  : 45.6M
================================================================================
Image is ready: slitaz-core-4in1.iso

Moving ISO to: /home/slitaz/iso/slitaz-rolling.iso
Cookiso ended: 2018-01-28 01:03
